C:\USERS\AMIRULAZMI\DOCUMENTS\VISUAL STUDIO 2010\PROJECTS\ASSIGNMENT2_ACG\ASSIGNMENT2_ACG\DEBUG\ASSIGNMENT2_ACG.EXE.EMBED.MANIFEST
C:\USERS\AMIRULAZMI\DOCUMENTS\VISUAL STUDIO 2010\PROJECTS\ASSIGNMENT2_ACG\ASSIGNMENT2_ACG\DEBUG\ASSIGNMENT2_ACG.EXE.EMBED.MANIFEST.RES
C:\USERS\AMIRULAZMI\DOCUMENTS\VISUAL STUDIO 2010\PROJECTS\ASSIGNMENT2_ACG\ASSIGNMENT2_ACG\DEBUG\ASSIGNMENT2_ACG.EXE.INTERMEDIATE.MANIFEST
C:\Users\AMIRULAZMI\Documents\Visual Studio 2010\Projects\Assignment2_ACG\Assignment2_ACG\Debug\Assignment2_ACG.vcxprojResolveAssemblyReference.cache
C:\Users\AMIRULAZMI\Documents\Visual Studio 2010\Projects\Assignment2_ACG\Assignment2_ACG\Debug\Assignment2_ACG.write.1.tlog
C:\Users\AMIRULAZMI\Documents\Visual Studio 2010\Projects\Assignment2_ACG\Assignment2_ACG\Debug\Assignment2_ACG_manifest.rc
C:\Users\AMIRULAZMI\Documents\Visual Studio 2010\Projects\Assignment2_ACG\Assignment2_ACG\Debug\cl.command.1.tlog
C:\Users\AMIRULAZMI\Documents\Visual Studio 2010\Projects\Assignment2_ACG\Assignment2_ACG\Debug\CL.read.1.tlog
C:\Users\AMIRULAZMI\Documents\Visual Studio 2010\Projects\Assignment2_ACG\Assignment2_ACG\Debug\CL.write.1.tlog
C:\Users\AMIRULAZMI\Documents\Visual Studio 2010\Projects\Assignment2_ACG\Assignment2_ACG\Debug\link.10108.read.1.tlog
C:\Users\AMIRULAZMI\Documents\Visual Studio 2010\Projects\Assignment2_ACG\Assignment2_ACG\Debug\link.10108.write.1.tlog
C:\Users\AMIRULAZMI\Documents\Visual Studio 2010\Projects\Assignment2_ACG\Assignment2_ACG\Debug\link.10108-cvtres.read.1.tlog
C:\Users\AMIRULAZMI\Documents\Visual Studio 2010\Projects\Assignment2_ACG\Assignment2_ACG\Debug\link.10108-cvtres.write.1.tlog
C:\Users\AMIRULAZMI\Documents\Visual Studio 2010\Projects\Assignment2_ACG\Assignment2_ACG\Debug\link.2196.read.1.tlog
C:\Users\AMIRULAZMI\Documents\Visual Studio 2010\Projects\Assignment2_ACG\Assignment2_ACG\Debug\link.2196.write.1.tlog
C:\Users\AMIRULAZMI\Documents\Visual Studio 2010\Projects\Assignment2_ACG\Assignment2_ACG\Debug\link.2196-cvtres.read.1.tlog
C:\Users\AMIRULAZMI\Documents\Visual Studio 2010\Projects\Assignment2_ACG\Assignment2_ACG\Debug\link.2196-cvtres.write.1.tlog
C:\Users\AMIRULAZMI\Documents\Visual Studio 2010\Projects\Assignment2_ACG\Assignment2_ACG\Debug\link.2964.read.1.tlog
C:\Users\AMIRULAZMI\Documents\Visual Studio 2010\Projects\Assignment2_ACG\Assignment2_ACG\Debug\link.2964.write.1.tlog
C:\Users\AMIRULAZMI\Documents\Visual Studio 2010\Projects\Assignment2_ACG\Assignment2_ACG\Debug\link.2964-cvtres.read.1.tlog
C:\Users\AMIRULAZMI\Documents\Visual Studio 2010\Projects\Assignment2_ACG\Assignment2_ACG\Debug\link.2964-cvtres.write.1.tlog
C:\Users\AMIRULAZMI\Documents\Visual Studio 2010\Projects\Assignment2_ACG\Assignment2_ACG\Debug\link.3672.read.1.tlog
C:\Users\AMIRULAZMI\Documents\Visual Studio 2010\Projects\Assignment2_ACG\Assignment2_ACG\Debug\link.3672.write.1.tlog
C:\Users\AMIRULAZMI\Documents\Visual Studio 2010\Projects\Assignment2_ACG\Assignment2_ACG\Debug\link.3672-cvtres.read.1.tlog
C:\Users\AMIRULAZMI\Documents\Visual Studio 2010\Projects\Assignment2_ACG\Assignment2_ACG\Debug\link.3672-cvtres.write.1.tlog
C:\Users\AMIRULAZMI\Documents\Visual Studio 2010\Projects\Assignment2_ACG\Assignment2_ACG\Debug\link.4160.read.1.tlog
C:\Users\AMIRULAZMI\Documents\Visual Studio 2010\Projects\Assignment2_ACG\Assignment2_ACG\Debug\link.4160.write.1.tlog
C:\Users\AMIRULAZMI\Documents\Visual Studio 2010\Projects\Assignment2_ACG\Assignment2_ACG\Debug\link.4160-cvtres.read.1.tlog
C:\Users\AMIRULAZMI\Documents\Visual Studio 2010\Projects\Assignment2_ACG\Assignment2_ACG\Debug\link.4160-cvtres.write.1.tlog
C:\Users\AMIRULAZMI\Documents\Visual Studio 2010\Projects\Assignment2_ACG\Assignment2_ACG\Debug\link.4172.read.1.tlog
C:\Users\AMIRULAZMI\Documents\Visual Studio 2010\Projects\Assignment2_ACG\Assignment2_ACG\Debug\link.4172.write.1.tlog
C:\Users\AMIRULAZMI\Documents\Visual Studio 2010\Projects\Assignment2_ACG\Assignment2_ACG\Debug\link.4172-cvtres.read.1.tlog
C:\Users\AMIRULAZMI\Documents\Visual Studio 2010\Projects\Assignment2_ACG\Assignment2_ACG\Debug\link.4172-cvtres.write.1.tlog
C:\Users\AMIRULAZMI\Documents\Visual Studio 2010\Projects\Assignment2_ACG\Assignment2_ACG\Debug\link.5000.read.1.tlog
C:\Users\AMIRULAZMI\Documents\Visual Studio 2010\Projects\Assignment2_ACG\Assignment2_ACG\Debug\link.5000.write.1.tlog
C:\Users\AMIRULAZMI\Documents\Visual Studio 2010\Projects\Assignment2_ACG\Assignment2_ACG\Debug\link.5000-cvtres.read.1.tlog
C:\Users\AMIRULAZMI\Documents\Visual Studio 2010\Projects\Assignment2_ACG\Assignment2_ACG\Debug\link.5000-cvtres.write.1.tlog
C:\Users\AMIRULAZMI\Documents\Visual Studio 2010\Projects\Assignment2_ACG\Assignment2_ACG\Debug\link.5196.read.1.tlog
C:\Users\AMIRULAZMI\Documents\Visual Studio 2010\Projects\Assignment2_ACG\Assignment2_ACG\Debug\link.5196.write.1.tlog
C:\Users\AMIRULAZMI\Documents\Visual Studio 2010\Projects\Assignment2_ACG\Assignment2_ACG\Debug\link.5196-cvtres.read.1.tlog
C:\Users\AMIRULAZMI\Documents\Visual Studio 2010\Projects\Assignment2_ACG\Assignment2_ACG\Debug\link.5196-cvtres.write.1.tlog
C:\Users\AMIRULAZMI\Documents\Visual Studio 2010\Projects\Assignment2_ACG\Assignment2_ACG\Debug\link.5328.read.1.tlog
C:\Users\AMIRULAZMI\Documents\Visual Studio 2010\Projects\Assignment2_ACG\Assignment2_ACG\Debug\link.5328.write.1.tlog
C:\Users\AMIRULAZMI\Documents\Visual Studio 2010\Projects\Assignment2_ACG\Assignment2_ACG\Debug\link.5328-cvtres.read.1.tlog
C:\Users\AMIRULAZMI\Documents\Visual Studio 2010\Projects\Assignment2_ACG\Assignment2_ACG\Debug\link.5328-cvtres.write.1.tlog
C:\Users\AMIRULAZMI\Documents\Visual Studio 2010\Projects\Assignment2_ACG\Assignment2_ACG\Debug\link.5676.read.1.tlog
C:\Users\AMIRULAZMI\Documents\Visual Studio 2010\Projects\Assignment2_ACG\Assignment2_ACG\Debug\link.5676.write.1.tlog
C:\Users\AMIRULAZMI\Documents\Visual Studio 2010\Projects\Assignment2_ACG\Assignment2_ACG\Debug\link.5676-cvtres.read.1.tlog
C:\Users\AMIRULAZMI\Documents\Visual Studio 2010\Projects\Assignment2_ACG\Assignment2_ACG\Debug\link.5676-cvtres.write.1.tlog
C:\Users\AMIRULAZMI\Documents\Visual Studio 2010\Projects\Assignment2_ACG\Assignment2_ACG\Debug\link.5740.read.1.tlog
C:\Users\AMIRULAZMI\Documents\Visual Studio 2010\Projects\Assignment2_ACG\Assignment2_ACG\Debug\link.5740.write.1.tlog
C:\Users\AMIRULAZMI\Documents\Visual Studio 2010\Projects\Assignment2_ACG\Assignment2_ACG\Debug\link.5740-cvtres.read.1.tlog
C:\Users\AMIRULAZMI\Documents\Visual Studio 2010\Projects\Assignment2_ACG\Assignment2_ACG\Debug\link.5740-cvtres.write.1.tlog
C:\Users\AMIRULAZMI\Documents\Visual Studio 2010\Projects\Assignment2_ACG\Assignment2_ACG\Debug\link.5824.read.1.tlog
C:\Users\AMIRULAZMI\Documents\Visual Studio 2010\Projects\Assignment2_ACG\Assignment2_ACG\Debug\link.5824.write.1.tlog
C:\Users\AMIRULAZMI\Documents\Visual Studio 2010\Projects\Assignment2_ACG\Assignment2_ACG\Debug\link.5824-cvtres.read.1.tlog
C:\Users\AMIRULAZMI\Documents\Visual Studio 2010\Projects\Assignment2_ACG\Assignment2_ACG\Debug\link.5824-cvtres.write.1.tlog
C:\Users\AMIRULAZMI\Documents\Visual Studio 2010\Projects\Assignment2_ACG\Assignment2_ACG\Debug\link.6936.read.1.tlog
C:\Users\AMIRULAZMI\Documents\Visual Studio 2010\Projects\Assignment2_ACG\Assignment2_ACG\Debug\link.6936.write.1.tlog
C:\Users\AMIRULAZMI\Documents\Visual Studio 2010\Projects\Assignment2_ACG\Assignment2_ACG\Debug\link.6936-cvtres.read.1.tlog
C:\Users\AMIRULAZMI\Documents\Visual Studio 2010\Projects\Assignment2_ACG\Assignment2_ACG\Debug\link.6936-cvtres.write.1.tlog
C:\Users\AMIRULAZMI\Documents\Visual Studio 2010\Projects\Assignment2_ACG\Assignment2_ACG\Debug\link.712.read.1.tlog
C:\Users\AMIRULAZMI\Documents\Visual Studio 2010\Projects\Assignment2_ACG\Assignment2_ACG\Debug\link.712.write.1.tlog
C:\Users\AMIRULAZMI\Documents\Visual Studio 2010\Projects\Assignment2_ACG\Assignment2_ACG\Debug\link.712-cvtres.read.1.tlog
C:\Users\AMIRULAZMI\Documents\Visual Studio 2010\Projects\Assignment2_ACG\Assignment2_ACG\Debug\link.712-cvtres.write.1.tlog
C:\Users\AMIRULAZMI\Documents\Visual Studio 2010\Projects\Assignment2_ACG\Assignment2_ACG\Debug\link.7632.read.1.tlog
C:\Users\AMIRULAZMI\Documents\Visual Studio 2010\Projects\Assignment2_ACG\Assignment2_ACG\Debug\link.7632.write.1.tlog
C:\Users\AMIRULAZMI\Documents\Visual Studio 2010\Projects\Assignment2_ACG\Assignment2_ACG\Debug\link.7632-cvtres.read.1.tlog
C:\Users\AMIRULAZMI\Documents\Visual Studio 2010\Projects\Assignment2_ACG\Assignment2_ACG\Debug\link.7632-cvtres.write.1.tlog
C:\Users\AMIRULAZMI\Documents\Visual Studio 2010\Projects\Assignment2_ACG\Assignment2_ACG\Debug\link.7660.read.1.tlog
C:\Users\AMIRULAZMI\Documents\Visual Studio 2010\Projects\Assignment2_ACG\Assignment2_ACG\Debug\link.7660.write.1.tlog
C:\Users\AMIRULAZMI\Documents\Visual Studio 2010\Projects\Assignment2_ACG\Assignment2_ACG\Debug\link.7660-cvtres.read.1.tlog
C:\Users\AMIRULAZMI\Documents\Visual Studio 2010\Projects\Assignment2_ACG\Assignment2_ACG\Debug\link.7660-cvtres.write.1.tlog
C:\Users\AMIRULAZMI\Documents\Visual Studio 2010\Projects\Assignment2_ACG\Assignment2_ACG\Debug\link.7804.read.1.tlog
C:\Users\AMIRULAZMI\Documents\Visual Studio 2010\Projects\Assignment2_ACG\Assignment2_ACG\Debug\link.7804.write.1.tlog
C:\Users\AMIRULAZMI\Documents\Visual Studio 2010\Projects\Assignment2_ACG\Assignment2_ACG\Debug\link.7804-cvtres.read.1.tlog
C:\Users\AMIRULAZMI\Documents\Visual Studio 2010\Projects\Assignment2_ACG\Assignment2_ACG\Debug\link.7804-cvtres.write.1.tlog
C:\Users\AMIRULAZMI\Documents\Visual Studio 2010\Projects\Assignment2_ACG\Assignment2_ACG\Debug\link.8412.read.1.tlog
C:\Users\AMIRULAZMI\Documents\Visual Studio 2010\Projects\Assignment2_ACG\Assignment2_ACG\Debug\link.8412.write.1.tlog
C:\Users\AMIRULAZMI\Documents\Visual Studio 2010\Projects\Assignment2_ACG\Assignment2_ACG\Debug\link.8412-cvtres.read.1.tlog
C:\Users\AMIRULAZMI\Documents\Visual Studio 2010\Projects\Assignment2_ACG\Assignment2_ACG\Debug\link.8412-cvtres.write.1.tlog
C:\Users\AMIRULAZMI\Documents\Visual Studio 2010\Projects\Assignment2_ACG\Assignment2_ACG\Debug\link.8860.read.1.tlog
C:\Users\AMIRULAZMI\Documents\Visual Studio 2010\Projects\Assignment2_ACG\Assignment2_ACG\Debug\link.8860.write.1.tlog
C:\Users\AMIRULAZMI\Documents\Visual Studio 2010\Projects\Assignment2_ACG\Assignment2_ACG\Debug\link.8860-cvtres.read.1.tlog
C:\Users\AMIRULAZMI\Documents\Visual Studio 2010\Projects\Assignment2_ACG\Assignment2_ACG\Debug\link.8860-cvtres.write.1.tlog
C:\Users\AMIRULAZMI\Documents\Visual Studio 2010\Projects\Assignment2_ACG\Assignment2_ACG\Debug\link.9560.read.1.tlog
C:\Users\AMIRULAZMI\Documents\Visual Studio 2010\Projects\Assignment2_ACG\Assignment2_ACG\Debug\link.9560.write.1.tlog
C:\Users\AMIRULAZMI\Documents\Visual Studio 2010\Projects\Assignment2_ACG\Assignment2_ACG\Debug\link.9560-cvtres.read.1.tlog
C:\Users\AMIRULAZMI\Documents\Visual Studio 2010\Projects\Assignment2_ACG\Assignment2_ACG\Debug\link.9560-cvtres.write.1.tlog
C:\Users\AMIRULAZMI\Documents\Visual Studio 2010\Projects\Assignment2_ACG\Assignment2_ACG\Debug\link.9840.read.1.tlog
C:\Users\AMIRULAZMI\Documents\Visual Studio 2010\Projects\Assignment2_ACG\Assignment2_ACG\Debug\link.9840.write.1.tlog
C:\Users\AMIRULAZMI\Documents\Visual Studio 2010\Projects\Assignment2_ACG\Assignment2_ACG\Debug\link.9840-cvtres.read.1.tlog
C:\Users\AMIRULAZMI\Documents\Visual Studio 2010\Projects\Assignment2_ACG\Assignment2_ACG\Debug\link.9840-cvtres.write.1.tlog
C:\Users\AMIRULAZMI\Documents\Visual Studio 2010\Projects\Assignment2_ACG\Assignment2_ACG\Debug\link.command.1.tlog
C:\Users\AMIRULAZMI\Documents\Visual Studio 2010\Projects\Assignment2_ACG\Assignment2_ACG\Debug\link.read.1.tlog
C:\Users\AMIRULAZMI\Documents\Visual Studio 2010\Projects\Assignment2_ACG\Assignment2_ACG\Debug\link.write.1.tlog
C:\Users\AMIRULAZMI\Documents\Visual Studio 2010\Projects\Assignment2_ACG\Assignment2_ACG\Debug\link-cvtres.read.1.tlog
C:\Users\AMIRULAZMI\Documents\Visual Studio 2010\Projects\Assignment2_ACG\Assignment2_ACG\Debug\link-cvtres.write.1.tlog
C:\USERS\AMIRULAZMI\DOCUMENTS\VISUAL STUDIO 2010\PROJECTS\ASSIGNMENT2_ACG\ASSIGNMENT2_ACG\DEBUG\MAIN.OBJ
C:\Users\AMIRULAZMI\Documents\Visual Studio 2010\Projects\Assignment2_ACG\Assignment2_ACG\Debug\mt.command.1.tlog
C:\Users\AMIRULAZMI\Documents\Visual Studio 2010\Projects\Assignment2_ACG\Assignment2_ACG\Debug\mt.read.1.tlog
C:\Users\AMIRULAZMI\Documents\Visual Studio 2010\Projects\Assignment2_ACG\Assignment2_ACG\Debug\mt.write.1.tlog
C:\Users\AMIRULAZMI\Documents\Visual Studio 2010\Projects\Assignment2_ACG\Assignment2_ACG\Debug\rc.command.1.tlog
C:\Users\AMIRULAZMI\Documents\Visual Studio 2010\Projects\Assignment2_ACG\Assignment2_ACG\Debug\rc.read.1.tlog
C:\Users\AMIRULAZMI\Documents\Visual Studio 2010\Projects\Assignment2_ACG\Assignment2_ACG\Debug\rc.write.1.tlog
C:\Users\AMIRULAZMI\Documents\Visual Studio 2010\Projects\Assignment2_ACG\Assignment2_ACG\Debug\vc100.idb
C:\USERS\AMIRULAZMI\DOCUMENTS\VISUAL STUDIO 2010\PROJECTS\ASSIGNMENT2_ACG\ASSIGNMENT2_ACG\DEBUG\VC100.PDB
C:\USERS\AMIRULAZMI\DOCUMENTS\VISUAL STUDIO 2010\PROJECTS\ASSIGNMENT2_ACG\DEBUG\ASSIGNMENT2_ACG.EXE
C:\USERS\AMIRULAZMI\DOCUMENTS\VISUAL STUDIO 2010\PROJECTS\ASSIGNMENT2_ACG\DEBUG\ASSIGNMENT2_ACG.ILK
C:\USERS\AMIRULAZMI\DOCUMENTS\VISUAL STUDIO 2010\PROJECTS\ASSIGNMENT2_ACG\DEBUG\ASSIGNMENT2_ACG.PDB
